2024-06-06 08:42:18.098 | INFO     | __main__:main:86 - {'remote': False, 'device': 0, 'epochs': 200, 'seed': 42, 'batch_size': 4, 'filename': 'changjiang', 'train_ratio': 0.6, 'valid_ratio': 0.2, 'his_length': 12, 'pred_length': 12, 'num_layers': 1, 'lr': 0.001, 'step_size': 1, 'hidden_dim': 64, 'back': 3, 'thres': 0.005, 'station': 'train', 'log': 'FALSE'}
2024-06-06 08:47:19.706 | INFO     | __main__:main:139 - =====Epoch 1=====

##on train data## total loss: 0.08169128184814271, pred loss: 0.0594215697289337, regression loss: 0.02226971211920901 
##on train data## rmse loss: 1935.5127843866494, mae loss: 1014.4594373751413, mape loss: 3945.9633065775265
##on valid data## rmse loss: 1564.841664317952, mae loss: 953.1622822883046, mape loss: 1671.0896631005187
##on test data## rmse loss: 1788.0872207700515, mae loss: 1089.6733953998817, mape loss: 1994.8864806227703

2024-06-06 08:52:16.933 | INFO     | __main__:main:139 - =====Epoch 2=====

##on train data## total loss: 0.050613472970949515, pred loss: 0.044617333822971714, regression loss: 0.005996139147977799 
##on train data## rmse loss: 1909.9319920418832, mae loss: 939.057580570279, mape loss: 4922.5266751034305
##on valid data## rmse loss: 1563.6918676074408, mae loss: 928.9765081221533, mape loss: 1918.5321503509426
##on test data## rmse loss: 1774.992007752643, mae loss: 1047.3605803854216, mape loss: 849.048361803574

2024-06-06 08:57:14.820 | INFO     | __main__:main:139 - =====Epoch 3=====

##on train data## total loss: 0.04863923580975504, pred loss: 0.043442198345266275, regression loss: 0.005197037464488761 
##on train data## rmse loss: 1987.6092827501636, mae loss: 1085.4811856419908, mape loss: 8389.983584470858
##on valid data## rmse loss: 1634.1384528318426, mae loss: 1036.8969447308987, mape loss: 2138.2937830272326
##on test data## rmse loss: 1783.3188066519365, mae loss: 1122.7548038674138, mape loss: 2713.6156687290054

2024-06-06 09:02:13.856 | INFO     | __main__:main:139 - =====Epoch 4=====

##on train data## total loss: 0.046870571523042026, pred loss: 0.04232177447597378, regression loss: 0.004548797047068247 
##on train data## rmse loss: 1877.7418783739738, mae loss: 952.5606770781696, mape loss: 10088.859659191316
##on valid data## rmse loss: 1512.2314711169386, mae loss: 927.9385816655104, mape loss: 3699.470050569667
##on test data## rmse loss: 1686.192519493545, mae loss: 1020.8784911402404, mape loss: 2374.2550310596075

2024-06-06 09:07:11.748 | INFO     | __main__:main:139 - =====Epoch 5=====

##on train data## total loss: 0.04600493055661942, pred loss: 0.041624155665429007, regression loss: 0.004380774891190408 
##on train data## rmse loss: 1808.9034214697513, mae loss: 914.6864242553711, mape loss: 1854.2201108360653
##on valid data## rmse loss: 1482.8251917776454, mae loss: 871.2027737532803, mape loss: 1124.0140129067722
##on test data## rmse loss: 1651.755674266447, mae loss: 967.6877611668414, mape loss: 485.28858915719286

2024-06-06 09:12:09.647 | INFO     | __main__:main:139 - =====Epoch 6=====

##on train data## total loss: 0.04536489324335737, pred loss: 0.04089445873991475, regression loss: 0.004470434503442623 
##on train data## rmse loss: 1805.8714653441143, mae loss: 897.2319964297532, mape loss: 1046.201158258213
##on valid data## rmse loss: 1459.0708144493544, mae loss: 853.6399392971201, mape loss: 825.1909374730467
##on test data## rmse loss: 1642.045718159915, mae loss: 956.0617143196489, mape loss: 372.86226780488226

2024-06-06 09:17:08.872 | INFO     | __main__:main:139 - =====Epoch 7=====

##on train data## total loss: 0.0447882515117396, pred loss: 0.04048622774125253, regression loss: 0.0043020237704870755 
##on train data## rmse loss: 1784.8039650699209, mae loss: 883.0363713569448, mape loss: 5325.581409918324
##on valid data## rmse loss: 1474.5035292577559, mae loss: 877.2724671234955, mape loss: 1998.128397170181
##on test data## rmse loss: 1652.9006373578518, mae loss: 976.5578160230717, mape loss: 1299.7025034084743

2024-06-06 09:22:07.481 | INFO     | __main__:main:139 - =====Epoch 8=====

##on train data## total loss: 0.0433108475795583, pred loss: 0.039413312245548886, regression loss: 0.003897535334009415 
##on train data## rmse loss: 1755.746408607754, mae loss: 870.2331207972493, mape loss: 1321.0516689241235
##on valid data## rmse loss: 1444.2791196609555, mae loss: 844.8807438441685, mape loss: 595.349262315334
##on test data## rmse loss: 1634.019022113108, mae loss: 952.433169567447, mape loss: 505.3624604774718

2024-06-06 09:27:06.044 | INFO     | __main__:main:139 - =====Epoch 9=====

##on train data## total loss: 0.04342141764966516, pred loss: 0.039586617155844134, regression loss: 0.003834800493821022 
##on train data## rmse loss: 1779.7315070834861, mae loss: 897.7075570198485, mape loss: 4523.358198659977
##on valid data## rmse loss: 1441.4116680484021, mae loss: 865.6251479336654, mape loss: 1350.5778196465556
##on test data## rmse loss: 1615.3349473283097, mae loss: 956.5868871976049, mape loss: 1304.8743013422002

