2024-07-16 19:30:29.287 | INFO     | __main__:main:137 - {'remote': False, 'device': 0, 'epochs': 200, 'seed': 42, 'batch_size': 4, 'filename': 'changjiang', 'train_ratio': 0.6, 'valid_ratio': 0.2, 'his_length': 12, 'pred_length': 12, 'num_layers': 1, 'lr': 0.001, 'step_size': 1, 'hidden_dim': 64, 'back': 3, 'thres': 0.005, 'station': 'train', 'log': 'FALSE'}
2024-07-16 19:36:22.295 | INFO     | __main__:main:190 - =====Epoch 1=====

##on train data## total loss: 0.08419937116382313, pred loss: 0.06024373931434865, regression loss: 0.02395563184947448 
##on train data## rmse loss: 2008.9247746346566, mae loss: 1069.3976701068393, mape loss: 1065.814472557173
##on valid data## rmse loss: 1639.6199140511885, mae loss: 1003.0512883838079, mape loss: 455.8487588489378
##on test data## rmse loss: 1861.8795957823058, mae loss: 1144.9387996482112, mape loss: 459.4591803359709

2024-07-16 19:42:07.003 | INFO     | __main__:main:190 - =====Epoch 2=====

##on train data## total loss: 0.051449506934484, pred loss: 0.04490030338967173, regression loss: 0.006549203544812274 
##on train data## rmse loss: 1949.4451912042452, mae loss: 997.2211734752365, mape loss: 1404.2384769597331
##on valid data## rmse loss: 1528.5596348825109, mae loss: 924.8018446520949, mape loss: 278.9049783613691
##on test data## rmse loss: 1770.0978065991494, mae loss: 1073.0303415423655, mape loss: 249.09458197797127

2024-07-16 19:47:48.732 | INFO     | __main__:main:190 - =====Epoch 3=====

##on train data## total loss: 0.04845982627159571, pred loss: 0.043283892866984294, regression loss: 0.005175933404611412 
##on train data## rmse loss: 1936.3899605843017, mae loss: 999.7555950184159, mape loss: 1237.4513762100094
##on valid data## rmse loss: 1545.3042920675978, mae loss: 938.5935187615943, mape loss: 420.1736015817834
##on test data## rmse loss: 1743.967348547976, mae loss: 1054.8059431981856, mape loss: 355.61384355009295

2024-07-16 19:53:30.807 | INFO     | __main__:main:190 - =====Epoch 4=====

##on train data## total loss: 0.04753659399424864, pred loss: 0.042567470953560456, regression loss: 0.004969123040688186 
##on train data## rmse loss: 1907.7707649656963, mae loss: 951.9891488709426, mape loss: 1247.635455240453
##on valid data## rmse loss: 1492.9360166571776, mae loss: 893.5750420765527, mape loss: 299.7560911829867
##on test data## rmse loss: 1704.508476699181, mae loss: 1009.8576379724451, mape loss: 235.07309191820704

2024-07-16 19:59:12.763 | INFO     | __main__:main:190 - =====Epoch 5=====

##on train data## total loss: 0.04617162358558259, pred loss: 0.04178369615820067, regression loss: 0.004387927427381924 
##on train data## rmse loss: 1960.0355482924408, mae loss: 1027.415788524647, mape loss: 5808.444922602721
##on valid data## rmse loss: 1544.5543269448299, mae loss: 965.3604472981457, mape loss: 1105.950824668969
##on test data## rmse loss: 1753.3828041341774, mae loss: 1089.9822219200576, mape loss: 639.7534412306708

2024-07-16 20:04:57.830 | INFO     | __main__:main:190 - =====Epoch 6=====

##on train data## total loss: 0.045000061153453126, pred loss: 0.040796392660636484, regression loss: 0.004203668492816644 
##on train data## rmse loss: 1895.6021081372567, mae loss: 985.0735713358458, mape loss: 1126.8812727202014
##on valid data## rmse loss: 1527.9755616648317, mae loss: 926.9845917455018, mape loss: 285.2511933526477
##on test data## rmse loss: 1741.4549724328472, mae loss: 1057.2728411700275, mape loss: 236.13457626817768

2024-07-16 20:10:41.705 | INFO     | __main__:main:190 - =====Epoch 7=====

##on train data## total loss: 0.04448688051546333, pred loss: 0.04030291366804616, regression loss: 0.004183966847417166 
##on train data## rmse loss: 2042.3102641613955, mae loss: 1231.798858332755, mape loss: 11728.80178608265
##on valid data## rmse loss: 1719.867729039726, mae loss: 1168.9558540255866, mape loss: 1985.7989325486556
##on test data## rmse loss: 1887.538584116343, mae loss: 1275.6253100067493, mape loss: 1261.4723850286146

2024-07-16 20:16:24.323 | INFO     | __main__:main:190 - =====Epoch 8=====

##on train data## total loss: 0.043605177449050646, pred loss: 0.039583825105316654, regression loss: 0.004021352343733994 
##on train data## rmse loss: 1905.4214142542805, mae loss: 1027.4320538515972, mape loss: 4237.8240230914
##on valid data## rmse loss: 1602.7540014554174, mae loss: 979.6162674362595, mape loss: 732.1482473013484
##on test data## rmse loss: 1780.8055120637518, mae loss: 1090.8603669980319, mape loss: 263.8189313954828

2024-07-16 20:22:08.237 | INFO     | __main__:main:190 - =====Epoch 9=====

##on train data## total loss: 0.043715563342583884, pred loss: 0.03975841360171692, regression loss: 0.0039571497408669625 
##on train data## rmse loss: 2072.4284523513716, mae loss: 1107.3537707256182, mape loss: 4235.6278822242
##on valid data## rmse loss: 1762.0506442154697, mae loss: 1105.4425883053814, mape loss: 627.3994604708145
##on test data## rmse loss: 1987.8700979814566, mae loss: 1239.0917266492218, mape loss: 322.82549504147534

2024-07-16 20:27:53.496 | INFO     | __main__:main:190 - =====Epoch 10=====

##on train data## total loss: 0.04265467842880088, pred loss: 0.038759756847940675, regression loss: 0.0038949215808602024 
##on train data## rmse loss: 1824.285230878646, mae loss: 932.5013136113356, mape loss: 1548.6248547050554
##on valid data## rmse loss: 1464.8956404873763, mae loss: 884.318969844391, mape loss: 334.90611685288917
##on test data## rmse loss: 1666.2081995194483, mae loss: 1003.6104236146198, mape loss: 333.46397739809913

2024-07-16 20:33:33.796 | INFO     | __main__:main:190 - =====Epoch 11=====

##on train data## total loss: 0.04229274151910588, pred loss: 0.03853276101567252, regression loss: 0.0037599805034333627 
##on train data## rmse loss: 1821.067960671362, mae loss: 924.5257296683219, mape loss: 1723.7935797098628
##on valid data## rmse loss: 1491.2863681159886, mae loss: 893.5472594154387, mape loss: 272.2868182829448
##on test data## rmse loss: 1678.283034924835, mae loss: 1003.79241271737, mape loss: 137.37857261794875

2024-07-16 20:39:14.964 | INFO     | __main__:main:190 - =====Epoch 12=====

##on train data## total loss: 0.04190888619529046, pred loss: 0.03819625229989285, regression loss: 0.003712633895397607 
##on train data## rmse loss: 1819.4378026971963, mae loss: 914.6556659446755, mape loss: 940.3288076106969
##on valid data## rmse loss: 1504.2674023248974, mae loss: 901.8023426541951, mape loss: 254.00901012784266
##on test data## rmse loss: 1702.0128693451752, mae loss: 1014.7903135439605, mape loss: 146.26113466889703

2024-07-16 20:44:58.539 | INFO     | __main__:main:190 - =====Epoch 13=====

##on train data## total loss: 0.04116060726151348, pred loss: 0.037725145754104905, regression loss: 0.0034354615074085712 
##on train data## rmse loss: 1831.2060579793708, mae loss: 1020.3406127310042, mape loss: 6123.704146892589
##on valid data## rmse loss: 1521.1770576859994, mae loss: 964.4338602780375, mape loss: 1105.3489149537327
##on test data## rmse loss: 1684.770635302923, mae loss: 1059.4288598727076, mape loss: 655.1727915995369

