2024-07-15 19:35:30.396 | INFO     | __main__:main:137 - {'remote': False, 'device': 0, 'epochs': 200, 'seed': 42, 'batch_size': 16, 'filename': 'changjiang', 'train_ratio': 0.6, 'valid_ratio': 0.2, 'his_length': 12, 'pred_length': 12, 'num_layers': 1, 'lr': 0.001, 'step_size': 1, 'hidden_dim': 64, 'back': 3, 'thres': 0.005, 'station': 'train', 'log': 'FALSE'}
2024-07-15 19:37:01.607 | INFO     | __main__:main:190 - =====Epoch 1=====

##on train data## total loss: 0.152951024018871, pred loss: 0.09041628202300538, regression loss: 0.06253474199586562 
##on train data## rmse loss: 2544.0598832338596, mae loss: 1341.2359293826341, mape loss: 3955.402178812753
##on valid data## rmse loss: 2070.5827740009013, mae loss: 1274.247326190655, mape loss: 453.0897482083394
##on test data## rmse loss: 2303.0717256986177, mae loss: 1448.8606346717247, mape loss: 482.5846694982969

2024-07-15 19:38:27.790 | INFO     | __main__:main:190 - =====Epoch 2=====

##on train data## total loss: 0.06816705865643653, pred loss: 0.052167427440074646, regression loss: 0.01599963121636189 
##on train data## rmse loss: 2304.2374942992546, mae loss: 1151.8136051390982, mape loss: 3864.272105088694
##on valid data## rmse loss: 1774.2534165602465, mae loss: 1082.871330848107, mape loss: 502.4590495916513
##on test data## rmse loss: 2026.3979806753305, mae loss: 1230.172079233023, mape loss: 281.9856063677714

2024-07-15 19:39:54.215 | INFO     | __main__:main:190 - =====Epoch 3=====

##on train data## total loss: 0.054957616724414265, pred loss: 0.04652821542198775, regression loss: 0.008429401302426524 
##on train data## rmse loss: 2161.453393926475, mae loss: 1093.7684450101126, mape loss: 8238.21830235157
##on valid data## rmse loss: 1659.1269085223857, mae loss: 1017.2961022010217, mape loss: 1022.0292729139328
##on test data## rmse loss: 1892.1581787109376, mae loss: 1158.3522568922776, mape loss: 438.0443060398102

2024-07-15 19:41:20.704 | INFO     | __main__:main:190 - =====Epoch 4=====

##on train data## total loss: 0.049121147882060956, pred loss: 0.04353111739291663, regression loss: 0.005590030489144327 
##on train data## rmse loss: 2143.8293835015465, mae loss: 1050.5716050820906, mape loss: 3710.6226297199423
##on valid data## rmse loss: 1615.5317509577824, mae loss: 967.5982811560998, mape loss: 747.2344824442497
##on test data## rmse loss: 1807.8673344538763, mae loss: 1086.1721581092247, mape loss: 578.0584699832476

2024-07-15 19:42:46.328 | INFO     | __main__:main:190 - =====Epoch 5=====

##on train data## total loss: 0.04747722839681327, pred loss: 0.042518129032152484, regression loss: 0.0049590993646607935 
##on train data## rmse loss: 2067.244697067338, mae loss: 1036.3177121544852, mape loss: 5478.111786890756
##on valid data## rmse loss: 1615.5270827073318, mae loss: 972.0462730994591, mape loss: 804.6474000582328
##on test data## rmse loss: 1813.758205472506, mae loss: 1091.2614915114182, mape loss: 327.1909950329707

2024-07-15 19:44:12.169 | INFO     | __main__:main:190 - =====Epoch 6=====

##on train data## total loss: 0.046467869793097985, pred loss: 0.04193725220818867, regression loss: 0.004530617584909317 
##on train data## rmse loss: 2169.0792261113975, mae loss: 1224.4341111546241, mape loss: 5915.329983512762
##on valid data## rmse loss: 1759.1518080491287, mae loss: 1151.1704829289363, mape loss: 1235.944878092179
##on test data## rmse loss: 1924.1118220402643, mae loss: 1254.3568932166465, mape loss: 899.3757125964531

2024-07-15 19:45:38.445 | INFO     | __main__:main:190 - =====Epoch 7=====

##on train data## total loss: 0.04562965286470155, pred loss: 0.04119380071391659, regression loss: 0.004435852150784966 
##on train data## rmse loss: 2061.5259848657597, mae loss: 1086.9201833657203, mape loss: 4197.859476907604
##on valid data## rmse loss: 1627.8210895244893, mae loss: 1007.5688608022837, mape loss: 821.1384036907783
##on test data## rmse loss: 1797.8637319711538, mae loss: 1118.8840763972355, mape loss: 629.647295841804

2024-07-15 19:47:46.562 | INFO     | __main__:main:190 - =====Epoch 8=====

##on train data## total loss: 0.04468483027297682, pred loss: 0.040617684899299844, regression loss: 0.004067145373676974 
##on train data## rmse loss: 2046.3689088773, mae loss: 978.7478138880076, mape loss: 3965.7443435664104
##on valid data## rmse loss: 1565.8706040602465, mae loss: 918.7328256460337, mape loss: 554.1918667463156
##on test data## rmse loss: 1756.5670114370494, mae loss: 1036.3166292630708, mape loss: 259.4788473844528

2024-07-15 19:49:13.573 | INFO     | __main__:main:190 - =====Epoch 9=====

##on train data## total loss: 0.044175676089063816, pred loss: 0.040171944718869396, regression loss: 0.004003731370194423 
##on train data## rmse loss: 2004.7804518956218, mae loss: 999.4151831302546, mape loss: 2119.835108276551
##on valid data## rmse loss: 1563.461716402494, mae loss: 927.0842214731069, mape loss: 338.65098976171936
##on test data## rmse loss: 1746.2075228177584, mae loss: 1044.4934443547174, mape loss: 206.48755224851462

2024-07-15 19:50:40.443 | INFO     | __main__:main:190 - =====Epoch 10=====

##on train data## total loss: 0.04361787965039009, pred loss: 0.03973777944796487, regression loss: 0.0038801002024252177 
##on train data## rmse loss: 2007.6367800949795, mae loss: 1011.5078084722993, mape loss: 977.256458362347
##on valid data## rmse loss: 1567.0079167292668, mae loss: 936.7478848970853, mape loss: 221.24146507336542
##on test data## rmse loss: 1744.186176945613, mae loss: 1050.7330815241887, mape loss: 320.93038219671985

2024-07-15 19:52:06.880 | INFO     | __main__:main:190 - =====Epoch 11=====

##on train data## total loss: 0.042947216782019224, pred loss: 0.03925134037233662, regression loss: 0.003695876409682601 
##on train data## rmse loss: 2007.3199022941783, mae loss: 985.4215255195114, mape loss: 2828.5431377476243
##on valid data## rmse loss: 1599.7581439678486, mae loss: 940.6169532189002, mape loss: 502.02886191698224
##on test data## rmse loss: 1800.4273198054386, mae loss: 1069.9727647047775, mape loss: 318.0026494998198

2024-07-15 19:53:33.095 | INFO     | __main__:main:190 - =====Epoch 12=====

##on train data## total loss: 0.04257908176990027, pred loss: 0.03887526134589243, regression loss: 0.0037038204240078475 
##on train data## rmse loss: 2025.460400886342, mae loss: 980.0144802035414, mape loss: 3384.974672739881
##on valid data## rmse loss: 1584.7628427358775, mae loss: 923.019880089393, mape loss: 584.4543109031824
##on test data## rmse loss: 1762.1543663611778, mae loss: 1031.7030193622295, mape loss: 510.5578955320212

2024-07-15 19:54:59.841 | INFO     | __main__:main:190 - =====Epoch 13=====

##on train data## total loss: 0.04288589830515046, pred loss: 0.03901113699270686, regression loss: 0.0038747613124435927 
##on train data## rmse loss: 1996.0811401986834, mae loss: 968.211254139237, mape loss: 1593.846787232433
##on valid data## rmse loss: 1591.0611102764424, mae loss: 920.3923196645883, mape loss: 277.4517381649751
##on test data## rmse loss: 1769.0323739858775, mae loss: 1034.8815744253304, mape loss: 268.0859331213511

2024-07-15 19:56:26.529 | INFO     | __main__:main:190 - =====Epoch 14=====

##on train data## total loss: 0.04321904691304955, pred loss: 0.03931825569367537, regression loss: 0.0039007912193741744 
##on train data## rmse loss: 2022.2047094354775, mae loss: 1108.9654643257256, mape loss: 4405.026848425115
##on valid data## rmse loss: 1702.537204683744, mae loss: 1063.2936842698318, mape loss: 785.5152544608483
##on test data## rmse loss: 1884.4774282602164, mae loss: 1181.309207388071, mape loss: 618.8624887283032

2024-07-15 19:57:52.890 | INFO     | __main__:main:190 - =====Epoch 15=====

##on train data## total loss: 0.04232581127151317, pred loss: 0.03863892846074201, regression loss: 0.0036868828107711627 
##on train data## rmse loss: 1980.1706747452015, mae loss: 983.8839780546082, mape loss: 2930.623916109201
##on valid data## rmse loss: 1592.0951256385217, mae loss: 935.7666421743539, mape loss: 538.6116717411921
##on test data## rmse loss: 1789.6521338829627, mae loss: 1064.4990112304688, mape loss: 511.23232914851263

2024-07-15 19:59:18.862 | INFO     | __main__:main:190 - =====Epoch 16=====

##on train data## total loss: 0.04277614363218624, pred loss: 0.038947953542973375, regression loss: 0.0038281900892128723 
##on train data## rmse loss: 2018.0821334916322, mae loss: 1088.467749271296, mape loss: 2332.5636014720512
##on valid data## rmse loss: 1657.8076416015624, mae loss: 1030.2304476224458, mape loss: 435.32439745389496
##on test data## rmse loss: 1846.8981257512019, mae loss: 1150.6120877779447, mape loss: 401.48525403096124

2024-07-15 20:00:44.654 | INFO     | __main__:main:190 - =====Epoch 17=====

##on train data## total loss: 0.04160542325187607, pred loss: 0.037981991994142685, regression loss: 0.003623431257733385 
##on train data## rmse loss: 1957.4665728728783, mae loss: 929.0909058236833, mape loss: 2859.4804505406296
##on valid data## rmse loss: 1541.0594458946814, mae loss: 887.7893233079177, mape loss: 532.3458603712229
##on test data## rmse loss: 1734.274479323167, mae loss: 1008.7155684251052, mape loss: 185.71929069665762

