2024-07-15 21:25:16.265 | INFO     | __main__:main:137 - {'remote': False, 'device': 0, 'epochs': 200, 'seed': 42, 'batch_size': 16, 'filename': 'changjiang', 'train_ratio': 0.6, 'valid_ratio': 0.2, 'his_length': 12, 'pred_length': 12, 'num_layers': 1, 'lr': 0.001, 'step_size': 1, 'hidden_dim': 64, 'back': 3, 'thres': 0.005, 'station': 'train', 'log': 'FALSE'}
2024-07-15 21:26:47.936 | INFO     | __main__:main:190 - =====Epoch 1=====

##on train data## total loss: 0.15375262964044126, pred loss: 0.08768771902237296, regression loss: 0.0660649106180683 
##on train data## rmse loss: 2412.384804662714, mae loss: 1219.9639839908193, mape loss: 4394.37204390613
##on valid data## rmse loss: 1899.971384371244, mae loss: 1160.9156700721153, mape loss: 576.3688571177996
##on test data## rmse loss: 2133.8790114182693, mae loss: 1310.0989680363582, mape loss: 228.38913491139044

2024-07-15 21:28:15.203 | INFO     | __main__:main:190 - =====Epoch 2=====

##on train data## total loss: 0.06243646110828758, pred loss: 0.05025407791889372, regression loss: 0.01218238318939386 
##on train data## rmse loss: 2318.045346952332, mae loss: 1107.9565014524508, mape loss: 1302.3015197461027
##on valid data## rmse loss: 1724.356324650691, mae loss: 1032.8845865102915, mape loss: 191.4550226009809
##on test data## rmse loss: 1949.4143535907451, mae loss: 1173.7667940579927, mape loss: 166.7478097172884

2024-07-15 21:29:43.003 | INFO     | __main__:main:190 - =====Epoch 3=====

##on train data## total loss: 0.05360119785111265, pred loss: 0.04572139864818188, regression loss: 0.00787979920293077 
##on train data## rmse loss: 2130.68420781944, mae loss: 1163.5537868441663, mape loss: 6280.514965565677
##on valid data## rmse loss: 1678.7430772047776, mae loss: 1063.5624413123498, mape loss: 1343.444702900373
##on test data## rmse loss: 1871.2125901442307, mae loss: 1189.1827918419472, mape loss: 956.1277933304126

2024-07-15 21:31:11.382 | INFO     | __main__:main:190 - =====Epoch 4=====

##on train data## total loss: 0.04877745892928185, pred loss: 0.04296815261743528, regression loss: 0.005809306311846574 
##on train data## rmse loss: 2082.318987076658, mae loss: 998.0967717049691, mape loss: 1875.998951366105
##on valid data## rmse loss: 1578.1309401292067, mae loss: 924.6364300067609, mape loss: 254.49866166481604
##on test data## rmse loss: 1773.96976177509, mae loss: 1045.7701298640325, mape loss: 169.40870138315054

2024-07-15 21:32:38.585 | INFO     | __main__:main:190 - =====Epoch 5=====

##on train data## total loss: 0.047632860454735415, pred loss: 0.0425184858569327, regression loss: 0.00511437459780272 
##on train data## rmse loss: 2081.7988132534897, mae loss: 1022.944333458915, mape loss: 4314.616845162387
##on valid data## rmse loss: 1602.8542381873497, mae loss: 958.5286499023438, mape loss: 942.8611811766258
##on test data## rmse loss: 1790.5456979604867, mae loss: 1070.5952068622296, mape loss: 735.2019607562286

2024-07-15 21:34:05.668 | INFO     | __main__:main:190 - =====Epoch 6=====

##on train data## total loss: 0.04558623045550536, pred loss: 0.04102405592288614, regression loss: 0.004562174532619224 
##on train data## rmse loss: 2041.719989912159, mae loss: 1029.946740784621, mape loss: 2364.429300569641
##on valid data## rmse loss: 1572.8630727914663, mae loss: 955.5640765850361, mape loss: 595.3471462543195
##on test data## rmse loss: 1738.504443359375, mae loss: 1058.4049485426683, mape loss: 440.22010885752167

2024-07-15 21:35:35.935 | INFO     | __main__:main:190 - =====Epoch 7=====

##on train data## total loss: 0.04502265724982253, pred loss: 0.04070924482896905, regression loss: 0.0043134124208534805 
##on train data## rmse loss: 2163.6065624256426, mae loss: 1082.7751216985248, mape loss: 3145.072235583049
##on valid data## rmse loss: 1718.050283578726, mae loss: 1043.9766197791466, mape loss: 410.4074061833895
##on test data## rmse loss: 1892.372372671274, mae loss: 1158.1921630859374, mape loss: 183.07644761525668

2024-07-15 21:37:04.068 | INFO     | __main__:main:190 - =====Epoch 8=====

##on train data## total loss: 0.04501948511785813, pred loss: 0.04063403278029037, regression loss: 0.004385452337567765 
##on train data## rmse loss: 2018.2050260747144, mae loss: 991.4612405070194, mape loss: 2144.3442703806204
##on valid data## rmse loss: 1584.7910935621994, mae loss: 932.829194523738, mape loss: 591.7835998535156
##on test data## rmse loss: 1786.257573054387, mae loss: 1061.8770958533653, mape loss: 516.787655720344

2024-07-15 21:39:22.505 | INFO     | __main__:main:190 - =====Epoch 9=====

##on train data## total loss: 0.04355525557745986, pred loss: 0.03965217651099647, regression loss: 0.003903079066463382 
##on train data## rmse loss: 2071.493289231044, mae loss: 1027.368308749901, mape loss: 4391.691759213578
##on valid data## rmse loss: 1609.3070697490984, mae loss: 961.2707909217247, mape loss: 1098.6358345471895
##on test data## rmse loss: 1793.6578580416167, mae loss: 1074.8075486403245, mape loss: 771.776870901768

2024-07-15 21:41:51.203 | INFO     | __main__:main:190 - =====Epoch 10=====

##on train data## total loss: 0.04433858916541646, pred loss: 0.040210626518287634, regression loss: 0.004127962647128831 
##on train data## rmse loss: 2019.6480341102872, mae loss: 972.9142133838634, mape loss: 1281.70642041918
##on valid data## rmse loss: 1595.4313007061298, mae loss: 919.2004875769982, mape loss: 189.98005057756717
##on test data## rmse loss: 1799.0157475398137, mae loss: 1048.7955911489632, mape loss: 197.50726598959702

2024-07-15 21:44:20.490 | INFO     | __main__:main:190 - =====Epoch 11=====

##on train data## total loss: 0.0434956777708482, pred loss: 0.0394561721513114, regression loss: 0.004039505619536802 
##on train data## rmse loss: 1997.5309116731441, mae loss: 1004.9751456788349, mape loss: 1077.5287606691952
##on valid data## rmse loss: 1592.642026930589, mae loss: 937.5993079552284, mape loss: 307.38933366078595
##on test data## rmse loss: 1774.0547870342548, mae loss: 1059.1231553297775, mape loss: 285.8588276001123

2024-07-15 21:46:49.936 | INFO     | __main__:main:190 - =====Epoch 12=====

##on train data## total loss: 0.04331046963101111, pred loss: 0.03919005423883534, regression loss: 0.004120415392175771 
##on train data## rmse loss: 1978.4518181660453, mae loss: 985.4506005611516, mape loss: 3014.350758379486
##on valid data## rmse loss: 1561.76016798753, mae loss: 919.2620042067308, mape loss: 711.9786732013409
##on test data## rmse loss: 1739.3987182617188, mae loss: 1038.2483008751503, mape loss: 537.9940007053889

2024-07-15 21:49:19.961 | INFO     | __main__:main:190 - =====Epoch 13=====

##on train data## total loss: 0.04345760142269927, pred loss: 0.03952640105927656, regression loss: 0.0039312003634227105 
##on train data## rmse loss: 2031.4316022069322, mae loss: 966.359195922232, mape loss: 3047.132606494245
##on valid data## rmse loss: 1556.2334388146035, mae loss: 916.672805081881, mape loss: 511.9026785171949
##on test data## rmse loss: 1744.3475449782152, mae loss: 1036.7055025540865, mape loss: 289.8993504047394

2024-07-15 21:51:50.223 | INFO     | __main__:main:190 - =====Epoch 14=====

##on train data## total loss: 0.0429002981831504, pred loss: 0.038929496525413346, regression loss: 0.003970801657737058 
##on train data## rmse loss: 1981.7502577728426, mae loss: 955.6785064542354, mape loss: 3269.1719046704056
##on valid data## rmse loss: 1534.7559884878306, mae loss: 899.4125769981971, mape loss: 619.8362683332883
##on test data## rmse loss: 1714.5393967848559, mae loss: 1016.5438739483174, mape loss: 511.3168325332495

2024-07-15 21:54:36.261 | INFO     | __main__:main:190 - =====Epoch 15=====

##on train data## total loss: 0.042896653421525724, pred loss: 0.038961801218190394, regression loss: 0.0039348522033353294 
##on train data## rmse loss: 2089.9181874851283, mae loss: 1213.3431353109138, mape loss: 7570.319949733424
##on valid data## rmse loss: 1764.6662222055288, mae loss: 1156.4641155536358, mape loss: 1377.5446836764995
##on test data## rmse loss: 1924.9000901442307, mae loss: 1257.0837965745193, mape loss: 936.5548350260808

2024-07-15 21:57:13.189 | INFO     | __main__:main:190 - =====Epoch 16=====

##on train data## total loss: 0.04220606850904559, pred loss: 0.03856550945266892, regression loss: 0.0036405590563766696 
##on train data## rmse loss: 1992.4092339065473, mae loss: 958.9779966712603, mape loss: 2197.1172141847273
##on valid data## rmse loss: 1575.3400747445914, mae loss: 916.390380859375, mape loss: 421.3308278413919
##on test data## rmse loss: 1764.3377901517429, mae loss: 1036.5290259728065, mape loss: 311.64605661080435

2024-07-15 22:00:34.114 | INFO     | __main__:main:190 - =====Epoch 17=====

##on train data## total loss: 0.04176797702208842, pred loss: 0.038034495932752085, regression loss: 0.003733481089336334 
##on train data## rmse loss: 1969.0593692372897, mae loss: 935.8172443215617, mape loss: 1471.772167404291
##on valid data## rmse loss: 1545.8678607647234, mae loss: 897.3434992863582, mape loss: 323.3443184540822
##on test data## rmse loss: 1756.7170259915865, mae loss: 1028.7897169846756, mape loss: 151.78098252186408

