2024-07-15 18:59:00.986 | INFO     | __main__:main:137 - {'remote': False, 'device': 0, 'epochs': 200, 'seed': 42, 'batch_size': 16, 'filename': 'changjiang', 'train_ratio': 0.6, 'valid_ratio': 0.2, 'his_length': 12, 'pred_length': 12, 'num_layers': 1, 'lr': 0.001, 'step_size': 1, 'hidden_dim': 64, 'back': 3, 'thres': 0.005, 'station': 'train', 'log': 'FALSE'}
2024-07-15 19:00:33.315 | INFO     | __main__:main:190 - =====Epoch 1=====

##on train data## total loss: 0.12977978738431398, pred loss: 0.07888215597539308, regression loss: 0.050897631408920896 
##on train data## rmse loss: 2239.3677885568686, mae loss: 1169.808248297212, mape loss: 5968.877495666446
##on valid data## rmse loss: 1735.031189434345, mae loss: 1093.755754676232, mape loss: 1388.4388326681578
##on test data## rmse loss: 1990.584330866887, mae loss: 1254.1551358736479, mape loss: 464.7851528112705

2024-07-15 19:02:19.505 | INFO     | __main__:main:190 - =====Epoch 2=====

##on train data## total loss: 0.05606861424343992, pred loss: 0.04659169661070263, regression loss: 0.009476917632737288 
##on train data## rmse loss: 2120.8867497323126, mae loss: 1100.9045032172035, mape loss: 3587.5451400800403
##on valid data## rmse loss: 1627.9014714167668, mae loss: 1002.4337956355168, mape loss: 546.8157105262463
##on test data## rmse loss: 1826.694370680589, mae loss: 1127.4100332406852, mape loss: 480.0715390535501

2024-07-15 19:04:04.649 | INFO     | __main__:main:190 - =====Epoch 3=====

##on train data## total loss: 0.049914465612036926, pred loss: 0.04352583488577098, regression loss: 0.006388630726265953 
##on train data## rmse loss: 2092.4120594934766, mae loss: 1008.1913445951975, mape loss: 1733.1576515272789
##on valid data## rmse loss: 1606.4792405348558, mae loss: 948.8027742826022, mape loss: 397.0642767044214
##on test data## rmse loss: 1805.0615624060997, mae loss: 1064.622013268104, mape loss: 234.72295495179984

2024-07-15 19:05:40.250 | INFO     | __main__:main:190 - =====Epoch 4=====

##on train data## total loss: 0.046892544689592974, pred loss: 0.04203406950402154, regression loss: 0.004858475185571437 
##on train data## rmse loss: 2125.203335679727, mae loss: 1082.1342655704711, mape loss: 2549.7543488359693
##on valid data## rmse loss: 1646.3643216646635, mae loss: 984.9832270695613, mape loss: 448.6345133643884
##on test data## rmse loss: 1822.121065579928, mae loss: 1095.2043532151442, mape loss: 409.2595704472982

2024-07-15 19:07:05.242 | INFO     | __main__:main:190 - =====Epoch 5=====

##on train data## total loss: 0.045425165945730234, pred loss: 0.040974650004297154, regression loss: 0.0044505159414330794 
##on train data## rmse loss: 2082.2466824139437, mae loss: 1190.2058449372423, mape loss: 6078.5514613093455
##on valid data## rmse loss: 1683.1477665827824, mae loss: 1114.2318833571214, mape loss: 828.8457647195229
##on test data## rmse loss: 1852.8466393103965, mae loss: 1221.241015625, mape loss: 739.4510576358208

2024-07-15 19:08:30.263 | INFO     | __main__:main:190 - =====Epoch 6=====

##on train data## total loss: 0.045120536122792564, pred loss: 0.040603381504191245, regression loss: 0.004517154618601319 
##on train data## rmse loss: 2061.078301599183, mae loss: 1012.929126720138, mape loss: 3786.4521815692106
##on valid data## rmse loss: 1635.585558143029, mae loss: 970.3119239220252, mape loss: 667.4680131215316
##on test data## rmse loss: 1834.7374793419472, mae loss: 1093.5041630671574, mape loss: 363.1195915203828

2024-07-15 19:09:53.680 | INFO     | __main__:main:190 - =====Epoch 7=====

##on train data## total loss: 0.04401546030726076, pred loss: 0.0400245335398639, regression loss: 0.003990926767396858 
##on train data## rmse loss: 2037.8585719384519, mae loss: 1114.8426879263166, mape loss: 6347.805547956283
##on valid data## rmse loss: 1624.122540283203, mae loss: 1044.1491286057692, mape loss: 994.770123729339
##on test data## rmse loss: 1792.6506544846754, mae loss: 1153.6601740910457, mape loss: 905.5312641767355

2024-07-15 19:11:26.497 | INFO     | __main__:main:190 - =====Epoch 8=====

##on train data## total loss: 0.04362401142149105, pred loss: 0.03962277078399491, regression loss: 0.004001240637496133 
##on train data## rmse loss: 1987.6284027874167, mae loss: 1017.3008927863261, mape loss: 3453.1465993919956
##on valid data## rmse loss: 1570.2686016376201, mae loss: 967.3153949444111, mape loss: 381.58678485797003
##on test data## rmse loss: 1742.594345327524, mae loss: 1073.8370506873498, mape loss: 413.5612622591165

2024-07-15 19:12:49.591 | INFO     | __main__:main:190 - =====Epoch 9=====

##on train data## total loss: 0.04234337236089301, pred loss: 0.038734343886815084, regression loss: 0.0036090284740779226 
##on train data## rmse loss: 1996.9325533639355, mae loss: 958.9103765342442, mape loss: 1505.1767202803326
##on valid data## rmse loss: 1550.3787884051983, mae loss: 893.1997133695162, mape loss: 322.0953762302032
##on test data## rmse loss: 1720.017375769982, mae loss: 998.279794546274, mape loss: 276.60652247759015

2024-07-15 19:14:12.306 | INFO     | __main__:main:190 - =====Epoch 10=====

##on train data## total loss: 0.0427438064057588, pred loss: 0.038974077527666566, regression loss: 0.0037697288780922287 
##on train data## rmse loss: 2045.3431322126823, mae loss: 962.2604153240998, mape loss: 2228.2263098937
##on valid data## rmse loss: 1586.5456275353065, mae loss: 925.1617041954628, mape loss: 715.1210529529131
##on test data## rmse loss: 1784.9416888897235, mae loss: 1052.1813481257511, mape loss: 309.0578605119999

2024-07-15 19:15:35.383 | INFO     | __main__:main:190 - =====Epoch 11=====

##on train data## total loss: 0.04276961455982046, pred loss: 0.038880547869662156, regression loss: 0.003889066690158307 
##on train data## rmse loss: 1998.200139544337, mae loss: 984.0858761550206, mape loss: 2598.163580833958
##on valid data## rmse loss: 1602.439101938101, mae loss: 938.3384812575121, mape loss: 669.3127357501251
##on test data## rmse loss: 1760.2282193697415, mae loss: 1041.837908935547, mape loss: 270.062422477282

2024-07-15 19:16:57.824 | INFO     | __main__:main:190 - =====Epoch 12=====

##on train data## total loss: 0.04124281530358313, pred loss: 0.037820725334184194, regression loss: 0.0034220899693989362 
##on train data## rmse loss: 1924.761146196859, mae loss: 945.735535287615, mape loss: 1594.3405863294747
##on valid data## rmse loss: 1567.6324261005109, mae loss: 909.9114192082332, mape loss: 445.4298319266393
##on test data## rmse loss: 1769.185016808143, mae loss: 1039.713800048828, mape loss: 261.5919196376434

2024-07-15 19:18:42.762 | INFO     | __main__:main:190 - =====Epoch 13=====

##on train data## total loss: 0.041349383198708144, pred loss: 0.03775797920835767, regression loss: 0.0035914039903504748 
##on train data## rmse loss: 2017.9620745508803, mae loss: 1096.9830554632972, mape loss: 5500.965755542523
##on valid data## rmse loss: 1660.7365708571215, mae loss: 1032.0187072753906, mape loss: 729.1057772819812
##on test data## rmse loss: 1805.253638634315, mae loss: 1128.644461294321, mape loss: 663.8275208381506

2024-07-15 19:20:28.689 | INFO     | __main__:main:190 - =====Epoch 14=====

##on train data## total loss: 0.04001095284930038, pred loss: 0.036724942632913024, regression loss: 0.0032860102163873575 
##on train data## rmse loss: 1915.9222381127063, mae loss: 932.5392620260945, mape loss: 2911.4257545035503
##on valid data## rmse loss: 1549.3871741661658, mae loss: 906.3027569110577, mape loss: 424.2798707118401
##on test data## rmse loss: 1736.7398573655348, mae loss: 1020.4666710486779, mape loss: 435.8472548998319

2024-07-15 19:21:50.184 | INFO     | __main__:main:190 - =====Epoch 15=====

##on train data## total loss: 0.04039352651931308, pred loss: 0.03697174369903555, regression loss: 0.003421782820277521 
##on train data## rmse loss: 1940.9025073366117, mae loss: 991.7743133699834, mape loss: 4665.597429856431
##on valid data## rmse loss: 1569.8514587402344, mae loss: 952.6463407076322, mape loss: 889.7172208015735
##on test data## rmse loss: 1758.2548161433294, mae loss: 1074.4580294095554, mape loss: 355.88135132422815

2024-07-15 19:23:11.881 | INFO     | __main__:main:190 - =====Epoch 16=====

##on train data## total loss: 0.03982403524087619, pred loss: 0.03647169863230781, regression loss: 0.0033523366085683863 
##on train data## rmse loss: 1905.258032474421, mae loss: 912.2974317521613, mape loss: 1011.5387215529602
##on valid data## rmse loss: 1536.334310208834, mae loss: 881.9272526667668, mape loss: 311.69891997025564
##on test data## rmse loss: 1709.753715632512, mae loss: 988.6742004394531, mape loss: 272.46943093263184

